{"code":"ENOENT","errno":-4058,"level":"error","message":"Initialization error: ENOENT: no such file or directory, open 'E:\\Intop2\\project-root\\whatsapp.json\n'","path":"E:\\Intop2\\project-root\\whatsapp.json\n","stack":"Error: ENOENT: no such file or directory, open 'E:\\Intop2\\project-root\\whatsapp.json\n'\n    at async open (node:internal/fs/promises:638:25)\n    at async Object.writeFile (node:internal/fs/promises:1208:14)\n    at async initializeJsonFile (E:\\Intop2\\project-root\\routes\\whatsappWidget.js:77:5)\n    at async Promise.all (index 1)","syscall":"open","timestamp":"2025-05-13T20:23:37.367Z"}
{"code":"ENOENT","errno":-4058,"level":"error","message":"Error reading JSON file: ENOENT: no such file or directory, open 'E:\\Intop2\\project-root\\whatsapp.jsonn'","path":"E:\\Intop2\\project-root\\whatsapp.jsonn","stack":"Error: ENOENT: no such file or directory, open 'E:\\Intop2\\project-root\\whatsapp.jsonn'\n    at async open (node:internal/fs/promises:638:25)\n    at async Object.readFile (node:internal/fs/promises:1238:14)\n    at async readWidgets (E:\\Intop2\\project-root\\routes\\whatsappWidget.js:85:18)\n    at async E:\\Intop2\\project-root\\routes\\whatsappWidget.js:258:19","syscall":"open","timestamp":"2025-05-13T20:24:06.015Z"}
{"code":"ENOENT","errno":-4058,"level":"error","message":"Error reading JSON file: ENOENT: no such file or directory, open 'E:\\Intop2\\project-root\\whatsapp.jsonn'","path":"E:\\Intop2\\project-root\\whatsapp.jsonn","stack":"Error: ENOENT: no such file or directory, open 'E:\\Intop2\\project-root\\whatsapp.jsonn'\n    at async open (node:internal/fs/promises:638:25)\n    at async Object.readFile (node:internal/fs/promises:1238:14)\n    at async readWidgets (E:\\Intop2\\project-root\\routes\\whatsappWidget.js:85:18)\n    at async E:\\Intop2\\project-root\\routes\\whatsappWidget.js:169:21","syscall":"open","timestamp":"2025-05-13T20:26:10.970Z"}
{"level":"error","message":"Configuration not found for clientId:","timestamp":"2025-05-13T20:38:28.164Z"}
{"level":"error","message":"Configuration not found for clientId:","timestamp":"2025-05-13T20:38:48.751Z"}
{"level":"error","message":"Configuration not found for clientId:","timestamp":"2025-05-13T21:19:18.102Z"}
{"level":"error","message":"Configuration not found for clientId:","timestamp":"2025-05-13T21:23:25.849Z"}
{"level":"error","message":"Configuration not found for clientId:","timestamp":"2025-05-13T21:23:37.447Z"}
{"level":"error","message":"Configuration not found for clientId:","timestamp":"2025-05-13T21:38:13.358Z"}
{"error_message":"The provided API key is invalid.","html_attributions":[],"level":"error","message":"Google API reviews error:","status":"REQUEST_DENIED","timestamp":"2025-05-13T21:43:59.909Z"}
{"error_message":"The provided API key is invalid.","html_attributions":[],"level":"error","message":"Google API reviews error:","status":"REQUEST_DENIED","timestamp":"2025-05-13T21:44:03.603Z"}
{"error_message":"The provided API key is invalid.","html_attributions":[],"level":"error","message":"Google API reviews error:","status":"REQUEST_DENIED","timestamp":"2025-05-13T21:44:03.971Z"}
{"error_message":"The provided API key is invalid.","html_attributions":[],"level":"error","message":"Google API reviews error:","status":"REQUEST_DENIED","timestamp":"2025-05-13T21:44:04.688Z"}
{"error_message":"The provided API key is invalid.","html_attributions":[],"level":"error","message":"Google API reviews error:","status":"REQUEST_DENIED","timestamp":"2025-05-13T21:44:08.211Z"}
{"error_message":"The provided API key is invalid.","html_attributions":[],"level":"error","message":"Google API reviews error:","status":"REQUEST_DENIED","timestamp":"2025-05-13T21:44:09.009Z"}
{"level":"error","message":"Error saving clients:","timestamp":"2025-05-14T14:39:32.554Z"}
{"level":"error","message":"Configuration not found for clientId:","timestamp":"2025-05-14T14:39:41.560Z"}
{"level":"error","message":"Configuration not found for clientId:","timestamp":"2025-05-14T14:39:41.815Z"}
{"level":"error","message":"Configuration not found for clientId:","timestamp":"2025-05-14T14:39:44.762Z"}
{"level":"error","message":"Configuration not found for clientId:","timestamp":"2025-05-14T14:39:45.223Z"}
{"level":"error","message":"Configuration not found for clientId:","timestamp":"2025-05-14T14:44:57.531Z"}
{"level":"error","message":"Configuration not found for clientId:","timestamp":"2025-05-14T14:45:01.128Z"}
{"level":"error","message":"Configuration not found for clientId:","timestamp":"2025-05-14T14:45:01.538Z"}
{"level":"error","message":"Configuration not found for clientId:","timestamp":"2025-05-14T14:45:09.490Z"}
{"level":"error","message":"Configuration not found for clientId:","timestamp":"2025-05-14T14:45:09.688Z"}
{"level":"error","message":"Configuration not found for clientId:","timestamp":"2025-05-14T14:45:09.903Z"}
{"level":"error","message":"Configuration not found for clientId:","timestamp":"2025-05-14T14:45:27.546Z"}
{"level":"error","message":"Configuration not found for clientId:","timestamp":"2025-05-14T14:45:45.964Z"}
{"level":"error","message":"Configuration not found for clientId:","timestamp":"2025-05-14T14:45:46.681Z"}
{"level":"error","message":"Configuration not found for clientId:","timestamp":"2025-05-14T14:45:46.903Z"}
{"level":"error","message":"Configuration not found for clientId:","timestamp":"2025-05-14T14:45:47.094Z"}
{"level":"error","message":"Error saving clients:","timestamp":"2025-05-14T14:45:53.440Z"}
{"code":"ENOENT","errno":-4058,"level":"error","message":"Error reading JSON file: ENOENT: no such file or directory, open 'E:\\Intop2\\project-root\\whatsapp.jsonn'","path":"E:\\Intop2\\project-root\\whatsapp.jsonn","stack":"Error: ENOENT: no such file or directory, open 'E:\\Intop2\\project-root\\whatsapp.jsonn'\n    at async open (node:internal/fs/promises:638:25)\n    at async Object.readFile (node:internal/fs/promises:1238:14)\n    at async readWidgets (E:\\Intop2\\project-root\\routes\\whatsappWidget.js:85:18)\n    at async E:\\Intop2\\project-root\\routes\\whatsappWidget.js:258:19","syscall":"open","timestamp":"2025-05-14T14:48:07.952Z"}
{"code":"ENOENT","errno":-4058,"level":"error","message":"Error reading JSON file: ENOENT: no such file or directory, open 'E:\\Intop2\\project-root\\whatsapp.jsonn'","path":"E:\\Intop2\\project-root\\whatsapp.jsonn","stack":"Error: ENOENT: no such file or directory, open 'E:\\Intop2\\project-root\\whatsapp.jsonn'\n    at async open (node:internal/fs/promises:638:25)\n    at async Object.readFile (node:internal/fs/promises:1238:14)\n    at async readWidgets (E:\\Intop2\\project-root\\routes\\whatsappWidget.js:85:18)\n    at async E:\\Intop2\\project-root\\routes\\whatsappWidget.js:258:19","syscall":"open","timestamp":"2025-05-14T14:48:09.235Z"}
{"code":"ENOENT","errno":-4058,"level":"error","message":"Error reading JSON file: ENOENT: no such file or directory, open 'E:\\Intop2\\project-root\\whatsapp.jsonn'","path":"E:\\Intop2\\project-root\\whatsapp.jsonn","stack":"Error: ENOENT: no such file or directory, open 'E:\\Intop2\\project-root\\whatsapp.jsonn'\n    at async open (node:internal/fs/promises:638:25)\n    at async Object.readFile (node:internal/fs/promises:1238:14)\n    at async readWidgets (E:\\Intop2\\project-root\\routes\\whatsappWidget.js:85:18)\n    at async E:\\Intop2\\project-root\\routes\\whatsappWidget.js:258:19","syscall":"open","timestamp":"2025-05-14T14:50:07.429Z"}
{"code":"ENOENT","errno":-4058,"level":"error","message":"Error reading JSON file: ENOENT: no such file or directory, open 'E:\\Intop2\\project-root\\whatsapp.jsonn'","path":"E:\\Intop2\\project-root\\whatsapp.jsonn","stack":"Error: ENOENT: no such file or directory, open 'E:\\Intop2\\project-root\\whatsapp.jsonn'\n    at async open (node:internal/fs/promises:638:25)\n    at async Object.readFile (node:internal/fs/promises:1238:14)\n    at async readWidgets (E:\\Intop2\\project-root\\routes\\whatsappWidget.js:85:18)\n    at async E:\\Intop2\\project-root\\routes\\whatsappWidget.js:258:19","syscall":"open","timestamp":"2025-05-14T14:50:08.225Z"}
{"code":"ENOENT","errno":-4058,"level":"error","message":"Error reading JSON file: ENOENT: no such file or directory, open 'E:\\Intop2\\project-root\\whatsapp.jsonn'","path":"E:\\Intop2\\project-root\\whatsapp.jsonn","stack":"Error: ENOENT: no such file or directory, open 'E:\\Intop2\\project-root\\whatsapp.jsonn'\n    at async open (node:internal/fs/promises:638:25)\n    at async Object.readFile (node:internal/fs/promises:1238:14)\n    at async readWidgets (E:\\Intop2\\project-root\\routes\\whatsappWidget.js:85:18)\n    at async E:\\Intop2\\project-root\\routes\\whatsappWidget.js:258:19","syscall":"open","timestamp":"2025-05-14T14:50:31.029Z"}
{"code":"ENOENT","errno":-4058,"level":"error","message":"Error reading JSON file: ENOENT: no such file or directory, open 'E:\\Intop2\\project-root\\whatsapp.jsonn'","path":"E:\\Intop2\\project-root\\whatsapp.jsonn","stack":"Error: ENOENT: no such file or directory, open 'E:\\Intop2\\project-root\\whatsapp.jsonn'\n    at async open (node:internal/fs/promises:638:25)\n    at async Object.readFile (node:internal/fs/promises:1238:14)\n    at async readWidgets (E:\\Intop2\\project-root\\routes\\whatsappWidget.js:85:18)\n    at async E:\\Intop2\\project-root\\routes\\whatsappWidget.js:258:19","syscall":"open","timestamp":"2025-05-14T14:50:31.963Z"}
{"code":"ENOENT","errno":-4058,"level":"error","message":"Error reading JSON file: ENOENT: no such file or directory, open 'E:\\Intop2\\project-root\\whatsapp.jsonn'","path":"E:\\Intop2\\project-root\\whatsapp.jsonn","stack":"Error: ENOENT: no such file or directory, open 'E:\\Intop2\\project-root\\whatsapp.jsonn'\n    at async open (node:internal/fs/promises:638:25)\n    at async Object.readFile (node:internal/fs/promises:1238:14)\n    at async readWidgets (E:\\Intop2\\project-root\\routes\\whatsappWidget.js:85:18)\n    at async E:\\Intop2\\project-root\\routes\\whatsappWidget.js:258:19","syscall":"open","timestamp":"2025-05-14T14:50:34.130Z"}
{"level":"error","message":"Configuration not found for clientId:","timestamp":"2025-05-14T14:50:54.135Z"}
{"level":"error","message":"Configuration not found for clientId:","timestamp":"2025-05-14T14:50:54.174Z"}
{"level":"error","message":"Configuration not found for clientId:","timestamp":"2025-05-14T14:50:55.360Z"}
{"level":"error","message":"Configuration not found for clientId:","timestamp":"2025-05-14T14:51:03.657Z"}
{"level":"error","message":"Configuration not found for clientId:","timestamp":"2025-05-14T14:51:04.677Z"}
{"level":"error","message":"Configuration not found for clientId:","timestamp":"2025-05-14T14:51:17.403Z"}
{"level":"error","message":"Configuration not found for clientId:","timestamp":"2025-05-14T14:51:18.357Z"}
{"level":"error","message":"Configuration not found for clientId:","timestamp":"2025-05-14T14:51:31.146Z"}
{"level":"error","message":"Configuration not found for clientId:","timestamp":"2025-05-14T14:51:31.729Z"}
{"level":"error","message":"Configuration not found for clientId:","timestamp":"2025-05-14T14:51:34.518Z"}
{"level":"error","message":"Configuration not found for clientId:","timestamp":"2025-05-14T14:51:36.224Z"}
{"level":"error","message":"Configuration not found for clientId:","timestamp":"2025-05-14T14:51:48.078Z"}
{"level":"error","message":"Configuration not found for clientId:","timestamp":"2025-05-14T14:51:49.740Z"}
{"level":"error","message":"Configuration not found for clientId:","timestamp":"2025-05-14T14:51:51.129Z"}
{"level":"error","message":"Configuration not found for clientId:","timestamp":"2025-05-14T14:52:03.396Z"}
{"level":"error","message":"Configuration not found for clientId:","timestamp":"2025-05-14T14:52:04.039Z"}
{"level":"error","message":"Configuration not found for clientId:","timestamp":"2025-05-14T14:52:16.781Z"}
{"level":"error","message":"Configuration not found for clientId:","timestamp":"2025-05-14T14:52:18.525Z"}
{"level":"error","message":"Configuration not found for clientId:","timestamp":"2025-05-14T14:52:28.564Z"}
{"level":"error","message":"Configuration not found for clientId:","timestamp":"2025-05-14T14:52:30.117Z"}
{"level":"error","message":"Configuration not found for clientId:","timestamp":"2025-05-14T14:52:37.432Z"}
{"level":"error","message":"Configuration not found for clientId:","timestamp":"2025-05-14T14:52:38.394Z"}
{"level":"error","message":"Configuration not found for clientId:","timestamp":"2025-05-14T14:52:48.796Z"}
{"level":"error","message":"Configuration not found for clientId:","timestamp":"2025-05-14T14:52:49.817Z"}
{"level":"error","message":"Configuration not found for clientId:","timestamp":"2025-05-14T14:53:00.310Z"}
{"level":"error","message":"Configuration not found for clientId:","timestamp":"2025-05-14T14:53:01.603Z"}
{"level":"error","message":"Configuration not found for clientId:","timestamp":"2025-05-14T14:53:13.079Z"}
{"level":"error","message":"Configuration not found for clientId:","timestamp":"2025-05-14T14:53:14.163Z"}
{"level":"error","message":"Configuration not found for clientId:","timestamp":"2025-05-14T14:53:15.135Z"}
{"level":"error","message":"Configuration not found for clientId:","timestamp":"2025-05-14T14:53:19.336Z"}
{"level":"error","message":"Configuration not found for clientId:","timestamp":"2025-05-14T14:53:20.280Z"}
{"level":"error","message":"Configuration not found for clientId:","timestamp":"2025-05-14T14:53:22.201Z"}
{"level":"error","message":"Configuration not found for clientId:","timestamp":"2025-05-14T14:53:23.071Z"}
{"level":"error","message":"Configuration not found for clientId:","timestamp":"2025-05-14T14:53:25.254Z"}
{"level":"error","message":"Configuration not found for clientId:","timestamp":"2025-05-14T14:53:26.274Z"}
{"level":"error","message":"Configuration not found for clientId:","timestamp":"2025-05-14T14:53:43.093Z"}
{"level":"error","message":"Configuration not found for clientId:","timestamp":"2025-05-14T14:53:44.211Z"}
{"level":"error","message":"Configuration not found for clientId:","timestamp":"2025-05-14T14:54:17.804Z"}
{"level":"error","message":"Configuration not found for clientId:","timestamp":"2025-05-14T14:54:17.951Z"}
{"level":"error","message":"Configuration not found for clientId:","timestamp":"2025-05-14T14:54:26.810Z"}
{"level":"error","message":"Configuration not found for clientId:","timestamp":"2025-05-14T14:54:27.112Z"}
{"level":"error","message":"Configuration not found for clientId:","timestamp":"2025-05-14T14:54:50.571Z"}
{"level":"error","message":"Configuration not found for clientId:","timestamp":"2025-05-14T14:54:51.407Z"}
{"level":"error","message":"Configuration not found for clientId:","timestamp":"2025-05-14T14:55:05.077Z"}
{"level":"error","message":"Configuration not found for clientId:","timestamp":"2025-05-14T14:55:05.898Z"}
{"level":"error","message":"Configuration not found for clientId:","timestamp":"2025-05-14T14:55:12.829Z"}
{"level":"error","message":"Configuration not found for clientId:","timestamp":"2025-05-14T14:55:13.589Z"}
{"level":"error","message":"Configuration not found for clientId:","timestamp":"2025-05-14T14:55:22.099Z"}
{"level":"error","message":"Configuration not found for clientId:","timestamp":"2025-05-14T14:55:22.841Z"}
{"level":"error","message":"Configuration not found for clientId:","timestamp":"2025-05-14T14:55:38.612Z"}
{"level":"error","message":"Configuration not found for clientId:","timestamp":"2025-05-14T14:55:39.557Z"}
{"level":"error","message":"Configuration not found for clientId:","timestamp":"2025-05-14T14:56:05.925Z"}
{"level":"error","message":"Configuration not found for clientId:","timestamp":"2025-05-14T14:56:07.107Z"}
{"level":"error","message":"Configuration not found for clientId:","timestamp":"2025-05-14T14:59:50.824Z"}
{"level":"error","message":"Configuration not found for clientId:","timestamp":"2025-05-14T15:00:01.591Z"}
{"level":"error","message":"Configuration not found for clientId:","timestamp":"2025-05-14T15:00:02.359Z"}
{"level":"error","message":"Configuration not found for clientId:","timestamp":"2025-05-14T15:00:05.164Z"}
{"level":"error","message":"Configuration not found for clientId:","timestamp":"2025-05-14T15:00:06.023Z"}
{"level":"error","message":"Configuration not found for clientId:","timestamp":"2025-05-14T15:00:07.780Z"}
{"level":"error","message":"Configuration not found for clientId:","timestamp":"2025-05-14T15:00:08.541Z"}
{"level":"error","message":"Configuration not found for clientId:","timestamp":"2025-05-14T15:00:12.346Z"}
{"level":"error","message":"Configuration not found for clientId:","timestamp":"2025-05-14T15:00:13.137Z"}
{"level":"error","message":"Configuration not found for clientId:","timestamp":"2025-05-14T15:00:14.058Z"}
{"level":"error","message":"Configuration not found for clientId:","timestamp":"2025-05-14T15:00:14.822Z"}
{"level":"error","message":"Configuration not found for clientId:","timestamp":"2025-05-14T15:00:16.847Z"}
{"level":"error","message":"Configuration not found for clientId:","timestamp":"2025-05-14T15:00:17.689Z"}
{"level":"error","message":"Configuration not found for clientId:","timestamp":"2025-05-14T15:00:52.228Z"}
{"level":"error","message":"Configuration not found for clientId:","timestamp":"2025-05-14T15:00:53.292Z"}
{"level":"error","message":"Configuration not found for clientId:","timestamp":"2025-05-14T15:00:54.124Z"}
{"level":"error","message":"Configuration not found for clientId:","timestamp":"2025-05-14T15:01:09.392Z"}
{"level":"error","message":"Configuration not found for clientId:","timestamp":"2025-05-14T15:01:10.194Z"}
{"level":"error","message":"Configuration not found for clientId:","timestamp":"2025-05-14T15:01:11.639Z"}
{"level":"error","message":"Configuration not found for clientId:","timestamp":"2025-05-14T15:01:12.441Z"}
{"level":"error","message":"Configuration not found for clientId:","timestamp":"2025-05-14T15:01:13.879Z"}
{"level":"error","message":"Configuration not found for clientId:","timestamp":"2025-05-14T15:01:46.319Z"}
{"level":"error","message":"Configuration not found for clientId:","timestamp":"2025-05-14T15:01:47.121Z"}
{"level":"error","message":"Configuration not found for clientId:","timestamp":"2025-05-14T15:01:48.618Z"}
{"level":"error","message":"Configuration not found for clientId:","timestamp":"2025-05-14T15:01:49.401Z"}
{"level":"error","message":"Configuration not found for clientId:","timestamp":"2025-05-14T15:01:54.288Z"}
{"level":"error","message":"Configuration not found for clientId:","timestamp":"2025-05-14T15:01:55.060Z"}
{"level":"error","message":"Configuration not found for clientId:","timestamp":"2025-05-14T15:01:57.911Z"}
{"level":"error","message":"Configuration not found for clientId:","timestamp":"2025-05-14T15:01:58.673Z"}
{"level":"error","message":"Configuration not found for clientId:","timestamp":"2025-05-14T15:02:04.856Z"}
{"level":"error","message":"Configuration not found for clientId:","timestamp":"2025-05-14T15:02:05.666Z"}
{"level":"error","message":"Configuration not found for clientId:","timestamp":"2025-05-14T15:02:15.794Z"}
{"level":"error","message":"Configuration not found for clientId:","timestamp":"2025-05-14T15:02:16.592Z"}
{"level":"error","message":"Configuration not found for clientId:","timestamp":"2025-05-14T15:02:18.586Z"}
{"level":"error","message":"Configuration not found for clientId:","timestamp":"2025-05-14T15:02:19.393Z"}
{"level":"error","message":"Configuration not found for clientId:","timestamp":"2025-05-14T15:02:21.836Z"}
{"level":"error","message":"Configuration not found for clientId:","timestamp":"2025-05-14T15:02:22.612Z"}
{"level":"error","message":"Configuration not found for clientId:","timestamp":"2025-05-14T15:02:22.823Z"}
{"level":"error","message":"Configuration not found for clientId:","timestamp":"2025-05-14T15:02:23.588Z"}
{"level":"error","message":"Configuration not found for clientId:","timestamp":"2025-05-14T15:02:24.941Z"}
{"level":"error","message":"Configuration not found for clientId:","timestamp":"2025-05-14T15:02:25.705Z"}
{"level":"error","message":"Configuration not found for clientId:","timestamp":"2025-05-14T15:02:27.317Z"}
{"level":"error","message":"Configuration not found for clientId:","timestamp":"2025-05-14T15:02:28.113Z"}
{"level":"error","message":"Configuration not found for clientId:","timestamp":"2025-05-14T15:02:45.385Z"}
{"level":"error","message":"Configuration not found for clientId:","timestamp":"2025-05-14T15:02:46.723Z"}
{"level":"error","message":"Configuration not found for clientId:","timestamp":"2025-05-14T15:02:47.489Z"}
{"level":"error","message":"Configuration not found for clientId:","timestamp":"2025-05-14T15:02:49.850Z"}
{"level":"error","message":"Configuration not found for clientId:","timestamp":"2025-05-14T15:02:50.684Z"}
{"level":"error","message":"Configuration not found for clientId:","timestamp":"2025-05-14T15:02:56.822Z"}
{"level":"error","message":"Configuration not found for clientId:","timestamp":"2025-05-14T15:02:57.601Z"}
{"level":"error","message":"Configuration not found for clientId:","timestamp":"2025-05-14T15:02:59.549Z"}
{"level":"error","message":"Configuration not found for clientId:","timestamp":"2025-05-14T15:03:00.357Z"}
{"level":"error","message":"Configuration not found for clientId:","timestamp":"2025-05-14T15:03:03.987Z"}
{"level":"error","message":"Configuration not found for clientId:","timestamp":"2025-05-14T15:03:05.932Z"}
{"level":"error","message":"Configuration not found for clientId:","timestamp":"2025-05-14T15:03:06.441Z"}
{"level":"error","message":"Configuration not found for clientId:","timestamp":"2025-05-14T15:03:07.416Z"}
{"level":"error","message":"Configuration not found for clientId:","timestamp":"2025-05-14T15:03:08.221Z"}
{"level":"error","message":"Configuration not found for clientId:","timestamp":"2025-05-14T15:03:10.890Z"}
{"level":"error","message":"Configuration not found for clientId:","timestamp":"2025-05-14T15:03:11.674Z"}
{"level":"error","message":"Configuration not found for clientId:","timestamp":"2025-05-14T15:03:52.526Z"}
{"code":"ENOENT","errno":-4058,"level":"error","message":"Initialization error: ENOENT: no such file or directory, mkdir 'E:\\Intop2\\project-root\\routes\\whatsappWidget1.js\\config\\project-root\\uploads\\whatsapp.json'","path":"E:\\Intop2\\project-root\\routes\\whatsappWidget1.js\\config\\project-root\\uploads\\whatsapp.json","stack":"Error: ENOENT: no such file or directory, mkdir 'E:\\Intop2\\project-root\\routes\\whatsappWidget1.js\\config\\project-root\\uploads\\whatsapp.json'\n    at async Object.mkdir (node:internal/fs/promises:857:10)\n    at async ensureUploadsDir (E:\\Intop2\\project-root\\routes\\whatsappWidget1.js\\utils\\fileUtils.js:10:5)\n    at async Promise.all (index 0)","syscall":"mkdir","timestamp":"2025-05-14T15:10:04.141Z"}
{"code":"ENOENT","errno":-4058,"level":"error","message":"Initialization error: ENOENT: no such file or directory, mkdir 'E:\\Intop2\\project-root\\routes\\whatsappWidget1.js\\config\\project-root\\uploads\\whatsapp.json'","path":"E:\\Intop2\\project-root\\routes\\whatsappWidget1.js\\config\\project-root\\uploads\\whatsapp.json","stack":"Error: ENOENT: no such file or directory, mkdir 'E:\\Intop2\\project-root\\routes\\whatsappWidget1.js\\config\\project-root\\uploads\\whatsapp.json'\n    at async Object.mkdir (node:internal/fs/promises:857:10)\n    at async ensureUploadsDir (E:\\Intop2\\project-root\\routes\\whatsappWidget1.js\\utils\\fileUtils.js:10:5)\n    at async Promise.all (index 0)","syscall":"mkdir","timestamp":"2025-05-14T15:10:05.178Z"}
{"code":"ENOENT","errno":-4058,"level":"error","message":"Initialization error: ENOENT: no such file or directory, mkdir 'E:\\Intop2\\project-root\\routes\\whatsappWidget1.js\\config\\project-root\\uploads\\whatsapp.json'","path":"E:\\Intop2\\project-root\\routes\\whatsappWidget1.js\\config\\project-root\\uploads\\whatsapp.json","stack":"Error: ENOENT: no such file or directory, mkdir 'E:\\Intop2\\project-root\\routes\\whatsappWidget1.js\\config\\project-root\\uploads\\whatsapp.json'\n    at async Object.mkdir (node:internal/fs/promises:857:10)\n    at async ensureUploadsDir (E:\\Intop2\\project-root\\routes\\whatsappWidget1.js\\utils\\fileUtils.js:10:5)\n    at async Promise.all (index 0)","syscall":"mkdir","timestamp":"2025-05-14T15:11:22.108Z"}
{"code":"ENOENT","errno":-4058,"level":"error","message":"Initialization error: ENOENT: no such file or directory, mkdir 'E:\\Intop2\\project-root\\routes\\whatsappWidget1.js\\config\\project-root\\uploads\\whatsapp.json'","path":"E:\\Intop2\\project-root\\routes\\whatsappWidget1.js\\config\\project-root\\uploads\\whatsapp.json","stack":"Error: ENOENT: no such file or directory, mkdir 'E:\\Intop2\\project-root\\routes\\whatsappWidget1.js\\config\\project-root\\uploads\\whatsapp.json'\n    at async Object.mkdir (node:internal/fs/promises:857:10)\n    at async ensureUploadsDir (E:\\Intop2\\project-root\\routes\\whatsappWidget1.js\\utils\\fileUtils.js:10:5)\n    at async Promise.all (index 0)","syscall":"mkdir","timestamp":"2025-05-14T15:11:24.658Z"}
{"code":"ENOENT","errno":-4058,"level":"error","message":"Initialization error: ENOENT: no such file or directory, mkdir 'E:\\Intop2\\project-root\\routes\\whatsappWidget1.js\\config\\project-root\\uploads\\whatsapp.json'","path":"E:\\Intop2\\project-root\\routes\\whatsappWidget1.js\\config\\project-root\\uploads\\whatsapp.json","stack":"Error: ENOENT: no such file or directory, mkdir 'E:\\Intop2\\project-root\\routes\\whatsappWidget1.js\\config\\project-root\\uploads\\whatsapp.json'\n    at async Object.mkdir (node:internal/fs/promises:857:10)\n    at async ensureUploadsDir (E:\\Intop2\\project-root\\routes\\whatsappWidget1.js\\utils\\fileUtils.js:10:5)\n    at async Promise.all (index 0)","syscall":"mkdir","timestamp":"2025-05-14T15:11:25.869Z"}
{"code":"ENOENT","errno":-4058,"level":"error","message":"Initialization error: ENOENT: no such file or directory, mkdir 'E:\\Intop2\\project-root\\routes\\whatsappWidget1.js\\config\\project-root\\uploads'","path":"E:\\Intop2\\project-root\\routes\\whatsappWidget1.js\\config\\project-root\\uploads","stack":"Error: ENOENT: no such file or directory, mkdir 'E:\\Intop2\\project-root\\routes\\whatsappWidget1.js\\config\\project-root\\uploads'\n    at async Object.mkdir (node:internal/fs/promises:857:10)\n    at async ensureUploadsDir (E:\\Intop2\\project-root\\routes\\whatsappWidget1.js\\utils\\fileUtils.js:10:5)\n    at async Promise.all (index 0)","syscall":"mkdir","timestamp":"2025-05-14T15:11:37.923Z"}
{"level":"error","message":"Configuration not found for clientId:","timestamp":"2025-05-14T15:12:36.006Z"}
{"level":"error","message":"Configuration not found for clientId:","timestamp":"2025-05-14T15:12:48.032Z"}
{"level":"error","message":"Configuration not found for clientId:","timestamp":"2025-05-14T15:13:11.219Z"}
{"level":"error","message":"Configuration not found for clientId:","timestamp":"2025-05-14T15:13:12.377Z"}
{"level":"error","message":"Configuration not found for clientId:","timestamp":"2025-05-14T15:13:17.413Z"}
{"level":"error","message":"Configuration not found for clientId:","timestamp":"2025-05-14T15:13:43.463Z"}
{"level":"error","message":"Configuration not found for clientId:","timestamp":"2025-05-14T15:13:44.189Z"}
{"level":"error","message":"Configuration not found for clientId:","timestamp":"2025-05-14T15:14:26.415Z"}
{"level":"error","message":"Configuration not found for clientId:","timestamp":"2025-05-14T15:14:27.515Z"}
{"level":"error","message":"Configuration not found for clientId:","timestamp":"2025-05-14T15:14:50.963Z"}
{"level":"error","message":"Configuration not found for clientId:","timestamp":"2025-05-14T15:14:54.646Z"}
{"level":"error","message":"Configuration not found for clientId:","timestamp":"2025-05-14T15:14:55.714Z"}
{"level":"error","message":"Configuration not found for clientId:","timestamp":"2025-05-14T15:15:15.164Z"}
{"level":"error","message":"Configuration not found for clientId:","timestamp":"2025-05-14T15:15:37.483Z"}
{"level":"error","message":"Configuration not found for clientId:","timestamp":"2025-05-14T15:15:38.629Z"}
{"level":"error","message":"Configuration not found for clientId:","timestamp":"2025-05-14T15:15:39.805Z"}
{"level":"error","message":"Configuration not found for clientId:","timestamp":"2025-05-14T15:15:40.866Z"}
{"level":"error","message":"Configuration not found for clientId:","timestamp":"2025-05-14T15:15:43.561Z"}
{"level":"error","message":"Configuration not found for clientId:","timestamp":"2025-05-14T15:15:44.277Z"}
{"level":"error","message":"Configuration not found for clientId:","timestamp":"2025-05-14T15:15:55.648Z"}
{"code":"ENOENT","errno":-4058,"level":"error","message":"Error reading JSON file: ENOENT: no such file or directory, open 'E:\\Intop2\\project-root\\uploads\\whatsapp.json'","path":"E:\\Intop2\\project-root\\uploads\\whatsapp.json","stack":"Error: ENOENT: no such file or directory, open 'E:\\Intop2\\project-root\\uploads\\whatsapp.json'\n    at async open (node:internal/fs/promises:638:25)\n    at async Object.readFile (node:internal/fs/promises:1238:14)\n    at async readWidgets (E:\\Intop2\\project-root\\routes\\whatsappWidget1.js\\utils\\fileUtils.js:26:18)\n    at async serveWidgetScript (E:\\Intop2\\project-root\\routes\\whatsappWidget1.js\\handlers\\serveWidgetScript.js:12:19)","syscall":"open","timestamp":"2025-05-14T15:15:55.651Z"}
{"level":"error","message":"Configuration not found for clientId:","timestamp":"2025-05-14T15:15:56.764Z"}
{"level":"error","message":"Configuration not found for clientId:","timestamp":"2025-05-14T15:15:56.831Z"}
{"level":"error","message":"Configuration not found for clientId:","timestamp":"2025-05-14T15:15:57.581Z"}
{"level":"error","message":"Configuration not found for clientId:","timestamp":"2025-05-14T15:16:43.736Z"}
{"level":"error","message":"Configuration not found for clientId:","timestamp":"2025-05-14T15:16:44.493Z"}
{"level":"error","message":"Configuration not found for clientId:","timestamp":"2025-05-14T15:16:50.216Z"}
{"level":"error","message":"Configuration not found for clientId:","timestamp":"2025-05-14T15:16:51.044Z"}
{"level":"error","message":"Configuration not found for clientId:","timestamp":"2025-05-14T15:16:55.499Z"}
{"level":"error","message":"Configuration not found for clientId:","timestamp":"2025-05-14T15:16:56.492Z"}
{"level":"error","message":"Configuration not found for clientId:","timestamp":"2025-05-14T15:17:05.025Z"}
{"level":"error","message":"Configuration not found for clientId:","timestamp":"2025-05-14T15:17:06.099Z"}
{"level":"error","message":"Configuration not found for clientId:","timestamp":"2025-05-14T15:17:39.191Z"}
{"level":"error","message":"Configuration not found for clientId:","timestamp":"2025-05-14T15:17:40.198Z"}
{"level":"error","message":"Configuration not found for clientId:","timestamp":"2025-05-14T15:17:59.709Z"}
{"level":"error","message":"Configuration not found for clientId:","timestamp":"2025-05-14T15:18:01.496Z"}
{"level":"error","message":"Configuration not found for clientId:","timestamp":"2025-05-14T15:18:01.708Z"}
{"level":"error","message":"Error saving clients:","timestamp":"2025-05-16T18:51:23.312Z"}
{"level":"error","message":"Error saving clients:","timestamp":"2025-05-16T19:06:50.161Z"}
{"level":"error","message":"Configuration not found for clientId:","timestamp":"2025-05-16T19:13:31.843Z"}
{"level":"error","message":"Configuration not found for clientId:","timestamp":"2025-05-16T19:14:17.570Z"}
{"level":"error","message":"Configuration not found for clientId:","timestamp":"2025-05-16T19:15:19.161Z"}
{"level":"error","message":"Configuration not found for clientId:","timestamp":"2025-05-16T19:15:28.134Z"}
{"level":"error","message":"Configuration not found for clientId:","timestamp":"2025-05-16T19:16:25.980Z"}
{"level":"error","message":"Error saving clients:","timestamp":"2025-05-16T19:17:58.679Z"}
{"level":"error","message":"Error saving clients:","timestamp":"2025-05-16T19:55:19.898Z"}
{"level":"error","message":"Error saving clients:","timestamp":"2025-05-17T15:05:14.053Z"}
{"level":"error","message":"Configuration not found for clientId:","timestamp":"2025-05-17T15:05:26.929Z"}
{"level":"error","message":"Configuration not found for clientId:","timestamp":"2025-05-17T15:05:29.886Z"}
{"level":"error","message":"Configuration not found for clientId:","timestamp":"2025-05-17T15:05:30.342Z"}
{"level":"error","message":"Configuration not found for clientId:","timestamp":"2025-05-17T15:05:30.628Z"}
{"level":"error","message":"Configuration not found for clientId:","timestamp":"2025-05-17T15:05:30.871Z"}
{"level":"error","message":"Configuration not found for clientId:","timestamp":"2025-05-17T15:05:31.113Z"}
{"level":"error","message":"Configuration not found for clientId:","timestamp":"2025-05-17T15:36:03.662Z"}
{"level":"error","message":"Configuration not found for clientId:","timestamp":"2025-05-17T15:36:04.247Z"}
{"level":"error","message":"Configuration not found for clientId:","timestamp":"2025-05-17T15:36:04.431Z"}
{"level":"error","message":"Configuration not found for clientId:","timestamp":"2025-05-17T15:36:07.176Z"}
{"level":"error","message":"Configuration not found for clientId:","timestamp":"2025-05-17T15:36:08.001Z"}
{"level":"error","message":"Configuration not found for clientId:","timestamp":"2025-05-17T15:36:11.464Z"}
{"level":"error","message":"Configuration not found for clientId:","timestamp":"2025-05-17T15:36:14.740Z"}
{"level":"error","message":"Configuration not found for clientId:","timestamp":"2025-05-17T15:36:18.245Z"}
{"level":"error","message":"Configuration not found for clientId:","timestamp":"2025-05-17T15:36:21.634Z"}
{"level":"error","message":"Configuration not found for clientId:","timestamp":"2025-05-17T15:44:08.414Z"}
{"level":"error","message":"Configuration not found for clientId:","timestamp":"2025-05-17T15:44:24.251Z"}
{"level":"error","message":"Configuration not found for clientId:","timestamp":"2025-05-17T15:44:42.700Z"}
{"level":"error","message":"Configuration not found for clientId:","timestamp":"2025-05-17T15:46:04.959Z"}
{"level":"error","message":"Configuration not found for clientId:","timestamp":"2025-05-17T15:46:28.935Z"}
{"level":"error","message":"Configuration not found for clientId:","timestamp":"2025-05-17T15:49:25.082Z"}
{"level":"error","message":"Configuration not found for clientId:","timestamp":"2025-05-17T15:49:28.245Z"}
{"level":"error","message":"Configuration not found for clientId:","timestamp":"2025-05-17T15:49:42.426Z"}
{"level":"error","message":"Configuration not found for clientId:","timestamp":"2025-05-17T15:51:52.387Z"}
{"level":"error","message":"Configuration not found for clientId:","timestamp":"2025-05-17T15:52:08.894Z"}
{"level":"error","message":"Configuration not found for clientId:","timestamp":"2025-05-17T15:52:33.819Z"}
{"level":"error","message":"Configuration not found for clientId:","timestamp":"2025-05-17T15:53:36.803Z"}
{"level":"error","message":"Configuration not found for clientId:","timestamp":"2025-05-17T15:53:39.006Z"}
{"level":"error","message":"Configuration not found for clientId:","timestamp":"2025-05-17T15:53:41.493Z"}
{"level":"error","message":"Configuration not found for clientId:","timestamp":"2025-05-17T15:53:55.185Z"}
{"level":"error","message":"Configuration not found for clientId:","timestamp":"2025-05-17T15:54:12.507Z"}
{"level":"error","message":"Configuration not found for clientId:","timestamp":"2025-05-17T15:54:25.786Z"}
{"level":"error","message":"Configuration not found for clientId:","timestamp":"2025-05-17T15:55:27.730Z"}
{"level":"error","message":"Configuration not found for clientId:","timestamp":"2025-05-17T15:55:30.511Z"}
{"level":"error","message":"Configuration not found for clientId:","timestamp":"2025-05-17T15:56:53.450Z"}
{"level":"error","message":"Configuration not found for clientId:","timestamp":"2025-05-17T15:56:54.783Z"}
{"level":"error","message":"Configuration not found for clientId:","timestamp":"2025-05-17T15:56:59.298Z"}
{"level":"error","message":"Configuration not found for clientId:","timestamp":"2025-05-17T15:57:10.134Z"}
{"level":"error","message":"Configuration not found for clientId:","timestamp":"2025-05-17T15:57:33.751Z"}
{"level":"error","message":"Configuration not found for clientId:","timestamp":"2025-05-17T16:07:11.920Z"}
{"level":"error","message":"Configuration not found for clientId:","timestamp":"2025-05-17T16:07:23.779Z"}
{"level":"error","message":"Configuration not found for clientId:","timestamp":"2025-05-17T16:07:37.666Z"}
{"level":"error","message":"Configuration not found for clientId:","timestamp":"2025-05-17T16:07:54.434Z"}
{"level":"error","message":"Configuration not found for clientId:","timestamp":"2025-05-17T16:08:06.364Z"}
{"level":"error","message":"Configuration not found for clientId:","timestamp":"2025-05-17T16:08:19.714Z"}
{"level":"error","message":"Configuration not found for clientId:","timestamp":"2025-05-17T16:08:22.015Z"}
{"level":"error","message":"Configuration not found for clientId:","timestamp":"2025-05-17T16:08:24.605Z"}
{"level":"error","message":"Configuration not found for clientId:","timestamp":"2025-05-17T16:08:30.493Z"}
{"level":"error","message":"Configuration not found for clientId:","timestamp":"2025-05-17T16:08:36.077Z"}
{"level":"error","message":"Configuration not found for clientId:","timestamp":"2025-05-17T16:08:39.192Z"}
{"level":"error","message":"Configuration not found for clientId:","timestamp":"2025-05-17T16:08:48.481Z"}
{"level":"error","message":"Configuration not found for clientId:","timestamp":"2025-05-17T16:08:55.386Z"}
{"level":"error","message":"Configuration not found for clientId:","timestamp":"2025-05-17T16:09:18.208Z"}
{"level":"error","message":"Configuration not found for clientId:","timestamp":"2025-05-17T16:09:24.454Z"}
{"level":"error","message":"Configuration not found for clientId:","timestamp":"2025-05-17T16:09:28.053Z"}
{"level":"error","message":"Configuration not found for clientId:","timestamp":"2025-05-17T16:09:39.049Z"}
{"level":"error","message":"Configuration not found for clientId:","timestamp":"2025-05-17T16:10:52.714Z"}
{"level":"error","message":"Configuration not found for clientId:","timestamp":"2025-05-17T16:11:03.553Z"}
{"level":"error","message":"Configuration not found for clientId:","timestamp":"2025-05-17T16:11:06.141Z"}
{"level":"error","message":"Configuration not found for clientId:","timestamp":"2025-05-17T16:11:24.797Z"}
{"level":"error","message":"Google API autocomplete error:","predictions":[],"status":"ZERO_RESULTS","timestamp":"2025-05-17T17:14:27.314Z"}
{"level":"error","message":"Error saving clients:","timestamp":"2025-05-17T17:14:32.324Z"}
{"level":"error","message":"Configuration not found for clientId:","timestamp":"2025-05-17T17:14:50.283Z"}
{"level":"error","message":"Configuration not found for clientId:","timestamp":"2025-05-17T17:21:35.121Z"}
{"level":"error","message":"Configuration not found for clientId:","timestamp":"2025-05-17T17:21:35.131Z"}
{"level":"error","message":"Error saving clients:","timestamp":"2025-05-17T17:21:42.456Z"}
{"level":"error","message":"Configuration not found for clientId:","timestamp":"2025-05-17T17:22:39.750Z"}
{"level":"error","message":"Error saving clients:","timestamp":"2025-05-17T17:22:46.891Z"}
{"level":"error","message":"Error saving clients:","timestamp":"2025-05-17T17:25:49.170Z"}
{"level":"error","message":"Configuration not found for clientId:","timestamp":"2025-05-17T17:26:36.166Z"}
{"level":"error","message":"Configuration not found for clientId:","timestamp":"2025-05-17T17:26:36.697Z"}
{"level":"error","message":"Configuration not found for clientId:","timestamp":"2025-05-17T17:26:36.984Z"}
{"level":"error","message":"Configuration not found for clientId:","timestamp":"2025-05-17T17:26:37.220Z"}
{"level":"error","message":"Configuration not found for clientId:","timestamp":"2025-05-17T17:26:37.505Z"}
{"level":"error","message":"Configuration not found for clientId:","timestamp":"2025-05-17T17:26:37.797Z"}
{"level":"error","message":"Configuration not found for clientId:","timestamp":"2025-05-17T17:26:38.094Z"}
{"level":"error","message":"Error saving clients:","timestamp":"2025-05-17T17:26:47.292Z"}
{"level":"error","message":"Configuration not found for clientId:","timestamp":"2025-05-17T17:28:00.435Z"}
{"level":"error","message":"Configuration not found for clientId:","timestamp":"2025-05-17T17:28:00.722Z"}
{"level":"error","message":"Configuration not found for clientId:","timestamp":"2025-05-17T17:28:13.267Z"}
{"level":"error","message":"Configuration not found for clientId:","timestamp":"2025-05-17T17:28:13.512Z"}
{"level":"error","message":"Configuration not found for clientId:","timestamp":"2025-05-17T17:28:13.801Z"}
{"level":"error","message":"Configuration not found for clientId:","timestamp":"2025-05-17T17:28:14.084Z"}
{"level":"error","message":"Configuration not found for clientId:","timestamp":"2025-05-17T17:28:14.305Z"}
{"level":"error","message":"Error saving clients:","timestamp":"2025-05-17T17:28:22.345Z"}
{"level":"error","message":"Configuration not found for clientId:","timestamp":"2025-05-17T17:28:50.288Z"}
{"level":"error","message":"Configuration not found for clientId:","timestamp":"2025-05-17T17:28:50.566Z"}
{"level":"error","message":"Configuration not found for clientId:","timestamp":"2025-05-17T17:28:50.899Z"}
{"level":"error","message":"Configuration not found for clientId:","timestamp":"2025-05-17T17:28:51.196Z"}
{"level":"error","message":"Configuration not found for clientId:","timestamp":"2025-05-17T17:28:51.459Z"}
{"level":"error","message":"Error saving clients:","timestamp":"2025-05-17T17:29:05.000Z"}
{"level":"error","message":"Configuration not found for clientId:","timestamp":"2025-05-17T20:31:14.618Z"}
{"level":"error","message":"Error saving clients:","timestamp":"2025-05-17T20:31:35.120Z"}
{"level":"error","message":"Configuration not found for clientId:","timestamp":"2025-05-17T20:31:46.296Z"}
{"level":"error","message":"Error saving clients:","timestamp":"2025-05-17T20:32:14.365Z"}
{"level":"error","message":"Error saving clients:","timestamp":"2025-05-17T20:32:46.891Z"}
{"level":"error","message":"Configuration not found for clientId:","timestamp":"2025-05-17T20:32:55.423Z"}
{"level":"error","message":"Configuration not found for clientId:","timestamp":"2025-05-17T20:33:11.117Z"}
{"level":"error","message":"Configuration not found for clientId:","timestamp":"2025-05-17T20:33:16.414Z"}
{"level":"error","message":"Configuration not found for clientId:","timestamp":"2025-05-17T20:33:16.770Z"}
{"level":"error","message":"Configuration not found for clientId:","timestamp":"2025-05-17T20:34:46.267Z"}
{"level":"error","message":"Configuration not found for clientId:","timestamp":"2025-05-17T20:38:26.804Z"}
{"level":"error","message":"Configuration not found for clientId:","timestamp":"2025-05-17T20:38:31.005Z"}
{"level":"error","message":"Configuration not found for clientId:","timestamp":"2025-05-17T20:40:32.403Z"}
{"level":"error","message":"Configuration not found for clientId:","timestamp":"2025-05-17T20:40:47.174Z"}
{"level":"error","message":"Configuration not found for clientId:","timestamp":"2025-05-17T20:40:47.180Z"}
{"level":"error","message":"Error saving clients:","timestamp":"2025-05-17T20:40:52.689Z"}
{"level":"error","message":"Error saving clients:","timestamp":"2025-05-18T07:11:03.727Z"}
{"level":"error","message":"Error saving clients:","timestamp":"2025-05-19T13:17:28.579Z"}
{"level":"error","message":"Configuration not found for clientId:","timestamp":"2025-05-19T13:17:52.921Z"}
{"level":"error","message":"Configuration not found for clientId:","timestamp":"2025-05-19T13:18:54.348Z"}
{"level":"error","message":"Configuration not found for clientId:","timestamp":"2025-05-19T13:18:55.443Z"}
{"level":"error","message":"Configuration not found for clientId:","timestamp":"2025-05-19T13:18:55.451Z"}
{"level":"error","message":"Configuration not found for clientId:","timestamp":"2025-05-19T13:19:07.461Z"}
{"level":"error","message":"Configuration not found for clientId:","timestamp":"2025-05-19T13:19:07.466Z"}
{"level":"error","message":"Configuration not found for clientId:","timestamp":"2025-05-19T13:19:10.940Z"}
{"level":"error","message":"Configuration not found for clientId:","timestamp":"2025-05-19T13:19:10.944Z"}
{"level":"error","message":"Configuration not found for clientId:","timestamp":"2025-05-19T13:19:11.371Z"}
{"level":"error","message":"Configuration not found for clientId:","timestamp":"2025-05-19T13:19:11.374Z"}
{"level":"error","message":"Configuration not found for clientId:","timestamp":"2025-05-19T13:19:11.624Z"}
{"level":"error","message":"Configuration not found for clientId:","timestamp":"2025-05-19T13:19:11.627Z"}
{"level":"error","message":"Configuration not found for clientId:","timestamp":"2025-05-19T13:19:11.883Z"}
{"level":"error","message":"Configuration not found for clientId:","timestamp":"2025-05-19T13:19:11.886Z"}
{"level":"error","message":"Configuration not found for clientId:","timestamp":"2025-05-19T13:20:29.730Z"}
{"level":"error","message":"Configuration not found for clientId:","timestamp":"2025-05-19T13:20:29.732Z"}
{"level":"error","message":"Configuration not found for clientId:","timestamp":"2025-05-19T13:20:30.674Z"}
{"level":"error","message":"Configuration not found for clientId:","timestamp":"2025-05-19T13:20:30.682Z"}
{"body":"{\r\n  \"email\": \"ritraj@exambl.com\",\r\n  \"password\": \"mySecurePassword123\",\r\n}\r\n\r\n","expose":true,"level":"error","message":"Unhandled error: Expected double-quoted property name in JSON at position 74 (line 4 column 1)","stack":"SyntaxError: Expected double-quoted property name in JSON at position 74 (line 4 column 1)\n    at JSON.parse (<anonymous>)\n    at parse (E:\\Intop2\\project-root\\node_modules\\body-parser\\lib\\types\\json.js:92:19)\n    at E:\\Intop2\\project-root\\node_modules\\body-parser\\lib\\read.js:128:18\n    at AsyncResource.runInAsyncScope (node:async_hooks:206:9)\n    at invokeCallback (E:\\Intop2\\project-root\\node_modules\\raw-body\\index.js:238:16)\n    at done (E:\\Intop2\\project-root\\node_modules\\raw-body\\index.js:227:7)\n    at IncomingMessage.onEnd (E:\\Intop2\\project-root\\node_modules\\raw-body\\index.js:287:7)\n    at IncomingMessage.emit (node:events:520:28)\n    at endReadableNT (node:internal/streams/readable:1696:12)\n    at process.processTicksAndRejections (node:internal/process/task_queues:82:21)","status":400,"statusCode":400,"timestamp":"2025-05-19T19:00:56.469Z","type":"entity.parse.failed"}
{"cause":{"commonWireVersion":0,"compatible":true,"heartbeatFrequencyMS":10000,"localThresholdMS":15,"logicalSessionTimeoutMinutes":null,"maxElectionId":null,"maxSetVersion":null,"servers":{"ac-debgnwn-shard-00-00.1x3fywt.mongodb.net:27017":{"$clusterTime":null,"address":"ac-debgnwn-shard-00-00.1x3fywt.mongodb.net:27017","arbiters":[],"electionId":null,"error":{"beforeHandshake":false,"errorLabelSet":{}},"hosts":[],"iscryptd":false,"lastUpdateTime":188778127,"lastWriteDate":0,"logicalSessionTimeoutMinutes":null,"maxBsonObjectSize":null,"maxMessageSizeBytes":null,"maxWireVersion":0,"maxWriteBatchSize":null,"me":null,"minRoundTripTime":0,"minWireVersion":0,"passives":[],"primary":null,"roundTripTime":-1,"setName":null,"setVersion":null,"tags":{},"topologyVersion":null,"type":"Unknown"},"ac-debgnwn-shard-00-01.1x3fywt.mongodb.net:27017":{"$clusterTime":null,"address":"ac-debgnwn-shard-00-01.1x3fywt.mongodb.net:27017","arbiters":[],"electionId":null,"error":{"beforeHandshake":false,"errorLabelSet":{}},"hosts":[],"iscryptd":false,"lastUpdateTime":188778042,"lastWriteDate":0,"logicalSessionTimeoutMinutes":null,"maxBsonObjectSize":null,"maxMessageSizeBytes":null,"maxWireVersion":0,"maxWriteBatchSize":null,"me":null,"minRoundTripTime":0,"minWireVersion":0,"passives":[],"primary":null,"roundTripTime":-1,"setName":null,"setVersion":null,"tags":{},"topologyVersion":null,"type":"Unknown"},"ac-debgnwn-shard-00-02.1x3fywt.mongodb.net:27017":{"$clusterTime":null,"address":"ac-debgnwn-shard-00-02.1x3fywt.mongodb.net:27017","arbiters":[],"electionId":null,"error":{"beforeHandshake":false,"errorLabelSet":{}},"hosts":[],"iscryptd":false,"lastUpdateTime":188778128,"lastWriteDate":0,"logicalSessionTimeoutMinutes":null,"maxBsonObjectSize":null,"maxMessageSizeBytes":null,"maxWireVersion":0,"maxWriteBatchSize":null,"me":null,"minRoundTripTime":0,"minWireVersion":0,"passives":[],"primary":null,"roundTripTime":-1,"setName":null,"setVersion":null,"tags":{},"topologyVersion":null,"type":"Unknown"}},"setName":"atlas-9fxtal-shard-0","stale":false,"type":"ReplicaSetNoPrimary"},"errorLabelSet":{},"level":"error","message":"MongoDB connection error: Could not connect to any servers in your MongoDB Atlas cluster. One common reason is that you're trying to access the database from an IP that isn't whitelisted. Make sure your current IP address is on your Atlas cluster's IP whitelist: https://www.mongodb.com/docs/atlas/security-whitelist/","reason":{"commonWireVersion":0,"compatible":true,"heartbeatFrequencyMS":10000,"localThresholdMS":15,"logicalSessionTimeoutMinutes":null,"maxElectionId":null,"maxSetVersion":null,"servers":{"ac-debgnwn-shard-00-00.1x3fywt.mongodb.net:27017":{"$clusterTime":null,"address":"ac-debgnwn-shard-00-00.1x3fywt.mongodb.net:27017","arbiters":[],"electionId":null,"error":{"beforeHandshake":false,"errorLabelSet":{}},"hosts":[],"iscryptd":false,"lastUpdateTime":188778127,"lastWriteDate":0,"logicalSessionTimeoutMinutes":null,"maxBsonObjectSize":null,"maxMessageSizeBytes":null,"maxWireVersion":0,"maxWriteBatchSize":null,"me":null,"minRoundTripTime":0,"minWireVersion":0,"passives":[],"primary":null,"roundTripTime":-1,"setName":null,"setVersion":null,"tags":{},"topologyVersion":null,"type":"Unknown"},"ac-debgnwn-shard-00-01.1x3fywt.mongodb.net:27017":{"$clusterTime":null,"address":"ac-debgnwn-shard-00-01.1x3fywt.mongodb.net:27017","arbiters":[],"electionId":null,"error":{"beforeHandshake":false,"errorLabelSet":{}},"hosts":[],"iscryptd":false,"lastUpdateTime":188778042,"lastWriteDate":0,"logicalSessionTimeoutMinutes":null,"maxBsonObjectSize":null,"maxMessageSizeBytes":null,"maxWireVersion":0,"maxWriteBatchSize":null,"me":null,"minRoundTripTime":0,"minWireVersion":0,"passives":[],"primary":null,"roundTripTime":-1,"setName":null,"setVersion":null,"tags":{},"topologyVersion":null,"type":"Unknown"},"ac-debgnwn-shard-00-02.1x3fywt.mongodb.net:27017":{"$clusterTime":null,"address":"ac-debgnwn-shard-00-02.1x3fywt.mongodb.net:27017","arbiters":[],"electionId":null,"error":{"beforeHandshake":false,"errorLabelSet":{}},"hosts":[],"iscryptd":false,"lastUpdateTime":188778128,"lastWriteDate":0,"logicalSessionTimeoutMinutes":null,"maxBsonObjectSize":null,"maxMessageSizeBytes":null,"maxWireVersion":0,"maxWriteBatchSize":null,"me":null,"minRoundTripTime":0,"minWireVersion":0,"passives":[],"primary":null,"roundTripTime":-1,"setName":null,"setVersion":null,"tags":{},"topologyVersion":null,"type":"Unknown"}},"setName":"atlas-9fxtal-shard-0","stale":false,"type":"ReplicaSetNoPrimary"},"stack":"MongooseServerSelectionError: Could not connect to any servers in your MongoDB Atlas cluster. One common reason is that you're trying to access the database from an IP that isn't whitelisted. Make sure your current IP address is on your Atlas cluster's IP whitelist: https://www.mongodb.com/docs/atlas/security-whitelist/\n    at _handleConnectionErrors (E:\\Intop2\\project-root\\node_modules\\mongoose\\lib\\connection.js:1165:11)\n    at NativeConnection.openUri (E:\\Intop2\\project-root\\node_modules\\mongoose\\lib\\connection.js:1096:11)","timestamp":"2025-05-22T18:53:18.239Z"}
{"cause":{"commonWireVersion":0,"compatible":true,"heartbeatFrequencyMS":10000,"localThresholdMS":15,"logicalSessionTimeoutMinutes":null,"maxElectionId":null,"maxSetVersion":null,"servers":{"ac-debgnwn-shard-00-00.1x3fywt.mongodb.net:27017":{"$clusterTime":null,"address":"ac-debgnwn-shard-00-00.1x3fywt.mongodb.net:27017","arbiters":[],"electionId":null,"error":{"beforeHandshake":false,"errorLabelSet":{}},"hosts":[],"iscryptd":false,"lastUpdateTime":191869083,"lastWriteDate":0,"logicalSessionTimeoutMinutes":null,"maxBsonObjectSize":null,"maxMessageSizeBytes":null,"maxWireVersion":0,"maxWriteBatchSize":null,"me":null,"minRoundTripTime":0,"minWireVersion":0,"passives":[],"primary":null,"roundTripTime":-1,"setName":null,"setVersion":null,"tags":{},"topologyVersion":null,"type":"Unknown"},"ac-debgnwn-shard-00-01.1x3fywt.mongodb.net:27017":{"$clusterTime":null,"address":"ac-debgnwn-shard-00-01.1x3fywt.mongodb.net:27017","arbiters":[],"electionId":null,"error":{"beforeHandshake":false,"errorLabelSet":{}},"hosts":[],"iscryptd":false,"lastUpdateTime":191869083,"lastWriteDate":0,"logicalSessionTimeoutMinutes":null,"maxBsonObjectSize":null,"maxMessageSizeBytes":null,"maxWireVersion":0,"maxWriteBatchSize":null,"me":null,"minRoundTripTime":0,"minWireVersion":0,"passives":[],"primary":null,"roundTripTime":-1,"setName":null,"setVersion":null,"tags":{},"topologyVersion":null,"type":"Unknown"},"ac-debgnwn-shard-00-02.1x3fywt.mongodb.net:27017":{"$clusterTime":null,"address":"ac-debgnwn-shard-00-02.1x3fywt.mongodb.net:27017","arbiters":[],"electionId":null,"error":{"beforeHandshake":false,"errorLabelSet":{}},"hosts":[],"iscryptd":false,"lastUpdateTime":191869082,"lastWriteDate":0,"logicalSessionTimeoutMinutes":null,"maxBsonObjectSize":null,"maxMessageSizeBytes":null,"maxWireVersion":0,"maxWriteBatchSize":null,"me":null,"minRoundTripTime":0,"minWireVersion":0,"passives":[],"primary":null,"roundTripTime":-1,"setName":null,"setVersion":null,"tags":{},"topologyVersion":null,"type":"Unknown"}},"setName":"atlas-9fxtal-shard-0","stale":false,"type":"ReplicaSetNoPrimary"},"errorLabelSet":{},"level":"error","message":"MongoDB connection error: Could not connect to any servers in your MongoDB Atlas cluster. One common reason is that you're trying to access the database from an IP that isn't whitelisted. Make sure your current IP address is on your Atlas cluster's IP whitelist: https://www.mongodb.com/docs/atlas/security-whitelist/","reason":{"commonWireVersion":0,"compatible":true,"heartbeatFrequencyMS":10000,"localThresholdMS":15,"logicalSessionTimeoutMinutes":null,"maxElectionId":null,"maxSetVersion":null,"servers":{"ac-debgnwn-shard-00-00.1x3fywt.mongodb.net:27017":{"$clusterTime":null,"address":"ac-debgnwn-shard-00-00.1x3fywt.mongodb.net:27017","arbiters":[],"electionId":null,"error":{"beforeHandshake":false,"errorLabelSet":{}},"hosts":[],"iscryptd":false,"lastUpdateTime":191869083,"lastWriteDate":0,"logicalSessionTimeoutMinutes":null,"maxBsonObjectSize":null,"maxMessageSizeBytes":null,"maxWireVersion":0,"maxWriteBatchSize":null,"me":null,"minRoundTripTime":0,"minWireVersion":0,"passives":[],"primary":null,"roundTripTime":-1,"setName":null,"setVersion":null,"tags":{},"topologyVersion":null,"type":"Unknown"},"ac-debgnwn-shard-00-01.1x3fywt.mongodb.net:27017":{"$clusterTime":null,"address":"ac-debgnwn-shard-00-01.1x3fywt.mongodb.net:27017","arbiters":[],"electionId":null,"error":{"beforeHandshake":false,"errorLabelSet":{}},"hosts":[],"iscryptd":false,"lastUpdateTime":191869083,"lastWriteDate":0,"logicalSessionTimeoutMinutes":null,"maxBsonObjectSize":null,"maxMessageSizeBytes":null,"maxWireVersion":0,"maxWriteBatchSize":null,"me":null,"minRoundTripTime":0,"minWireVersion":0,"passives":[],"primary":null,"roundTripTime":-1,"setName":null,"setVersion":null,"tags":{},"topologyVersion":null,"type":"Unknown"},"ac-debgnwn-shard-00-02.1x3fywt.mongodb.net:27017":{"$clusterTime":null,"address":"ac-debgnwn-shard-00-02.1x3fywt.mongodb.net:27017","arbiters":[],"electionId":null,"error":{"beforeHandshake":false,"errorLabelSet":{}},"hosts":[],"iscryptd":false,"lastUpdateTime":191869082,"lastWriteDate":0,"logicalSessionTimeoutMinutes":null,"maxBsonObjectSize":null,"maxMessageSizeBytes":null,"maxWireVersion":0,"maxWriteBatchSize":null,"me":null,"minRoundTripTime":0,"minWireVersion":0,"passives":[],"primary":null,"roundTripTime":-1,"setName":null,"setVersion":null,"tags":{},"topologyVersion":null,"type":"Unknown"}},"setName":"atlas-9fxtal-shard-0","stale":false,"type":"ReplicaSetNoPrimary"},"stack":"MongooseServerSelectionError: Could not connect to any servers in your MongoDB Atlas cluster. One common reason is that you're trying to access the database from an IP that isn't whitelisted. Make sure your current IP address is on your Atlas cluster's IP whitelist: https://www.mongodb.com/docs/atlas/security-whitelist/\n    at _handleConnectionErrors (E:\\Intop2\\project-root\\node_modules\\mongoose\\lib\\connection.js:1165:11)\n    at NativeConnection.openUri (E:\\Intop2\\project-root\\node_modules\\mongoose\\lib\\connection.js:1096:11)","timestamp":"2025-05-22T19:44:45.899Z"}
{"cause":{"commonWireVersion":0,"compatible":true,"heartbeatFrequencyMS":10000,"localThresholdMS":15,"logicalSessionTimeoutMinutes":null,"maxElectionId":null,"maxSetVersion":null,"servers":{"ac-debgnwn-shard-00-00.1x3fywt.mongodb.net:27017":{"$clusterTime":null,"address":"ac-debgnwn-shard-00-00.1x3fywt.mongodb.net:27017","arbiters":[],"electionId":null,"error":{"beforeHandshake":false,"errorLabelSet":{}},"hosts":[],"iscryptd":false,"lastUpdateTime":192063700,"lastWriteDate":0,"logicalSessionTimeoutMinutes":null,"maxBsonObjectSize":null,"maxMessageSizeBytes":null,"maxWireVersion":0,"maxWriteBatchSize":null,"me":null,"minRoundTripTime":0,"minWireVersion":0,"passives":[],"primary":null,"roundTripTime":-1,"setName":null,"setVersion":null,"tags":{},"topologyVersion":null,"type":"Unknown"},"ac-debgnwn-shard-00-01.1x3fywt.mongodb.net:27017":{"$clusterTime":null,"address":"ac-debgnwn-shard-00-01.1x3fywt.mongodb.net:27017","arbiters":[],"electionId":null,"error":{"beforeHandshake":false,"errorLabelSet":{}},"hosts":[],"iscryptd":false,"lastUpdateTime":192063650,"lastWriteDate":0,"logicalSessionTimeoutMinutes":null,"maxBsonObjectSize":null,"maxMessageSizeBytes":null,"maxWireVersion":0,"maxWriteBatchSize":null,"me":null,"minRoundTripTime":0,"minWireVersion":0,"passives":[],"primary":null,"roundTripTime":-1,"setName":null,"setVersion":null,"tags":{},"topologyVersion":null,"type":"Unknown"},"ac-debgnwn-shard-00-02.1x3fywt.mongodb.net:27017":{"$clusterTime":null,"address":"ac-debgnwn-shard-00-02.1x3fywt.mongodb.net:27017","arbiters":[],"electionId":null,"error":{"beforeHandshake":false,"errorLabelSet":{}},"hosts":[],"iscryptd":false,"lastUpdateTime":192063702,"lastWriteDate":0,"logicalSessionTimeoutMinutes":null,"maxBsonObjectSize":null,"maxMessageSizeBytes":null,"maxWireVersion":0,"maxWriteBatchSize":null,"me":null,"minRoundTripTime":0,"minWireVersion":0,"passives":[],"primary":null,"roundTripTime":-1,"setName":null,"setVersion":null,"tags":{},"topologyVersion":null,"type":"Unknown"}},"setName":"atlas-9fxtal-shard-0","stale":false,"type":"ReplicaSetNoPrimary"},"errorLabelSet":{},"level":"error","message":"MongoDB connection error: Could not connect to any servers in your MongoDB Atlas cluster. One common reason is that you're trying to access the database from an IP that isn't whitelisted. Make sure your current IP address is on your Atlas cluster's IP whitelist: https://www.mongodb.com/docs/atlas/security-whitelist/","reason":{"commonWireVersion":0,"compatible":true,"heartbeatFrequencyMS":10000,"localThresholdMS":15,"logicalSessionTimeoutMinutes":null,"maxElectionId":null,"maxSetVersion":null,"servers":{"ac-debgnwn-shard-00-00.1x3fywt.mongodb.net:27017":{"$clusterTime":null,"address":"ac-debgnwn-shard-00-00.1x3fywt.mongodb.net:27017","arbiters":[],"electionId":null,"error":{"beforeHandshake":false,"errorLabelSet":{}},"hosts":[],"iscryptd":false,"lastUpdateTime":192063700,"lastWriteDate":0,"logicalSessionTimeoutMinutes":null,"maxBsonObjectSize":null,"maxMessageSizeBytes":null,"maxWireVersion":0,"maxWriteBatchSize":null,"me":null,"minRoundTripTime":0,"minWireVersion":0,"passives":[],"primary":null,"roundTripTime":-1,"setName":null,"setVersion":null,"tags":{},"topologyVersion":null,"type":"Unknown"},"ac-debgnwn-shard-00-01.1x3fywt.mongodb.net:27017":{"$clusterTime":null,"address":"ac-debgnwn-shard-00-01.1x3fywt.mongodb.net:27017","arbiters":[],"electionId":null,"error":{"beforeHandshake":false,"errorLabelSet":{}},"hosts":[],"iscryptd":false,"lastUpdateTime":192063650,"lastWriteDate":0,"logicalSessionTimeoutMinutes":null,"maxBsonObjectSize":null,"maxMessageSizeBytes":null,"maxWireVersion":0,"maxWriteBatchSize":null,"me":null,"minRoundTripTime":0,"minWireVersion":0,"passives":[],"primary":null,"roundTripTime":-1,"setName":null,"setVersion":null,"tags":{},"topologyVersion":null,"type":"Unknown"},"ac-debgnwn-shard-00-02.1x3fywt.mongodb.net:27017":{"$clusterTime":null,"address":"ac-debgnwn-shard-00-02.1x3fywt.mongodb.net:27017","arbiters":[],"electionId":null,"error":{"beforeHandshake":false,"errorLabelSet":{}},"hosts":[],"iscryptd":false,"lastUpdateTime":192063702,"lastWriteDate":0,"logicalSessionTimeoutMinutes":null,"maxBsonObjectSize":null,"maxMessageSizeBytes":null,"maxWireVersion":0,"maxWriteBatchSize":null,"me":null,"minRoundTripTime":0,"minWireVersion":0,"passives":[],"primary":null,"roundTripTime":-1,"setName":null,"setVersion":null,"tags":{},"topologyVersion":null,"type":"Unknown"}},"setName":"atlas-9fxtal-shard-0","stale":false,"type":"ReplicaSetNoPrimary"},"stack":"MongooseServerSelectionError: Could not connect to any servers in your MongoDB Atlas cluster. One common reason is that you're trying to access the database from an IP that isn't whitelisted. Make sure your current IP address is on your Atlas cluster's IP whitelist: https://www.mongodb.com/docs/atlas/security-whitelist/\n    at _handleConnectionErrors (E:\\Intop2\\project-root\\node_modules\\mongoose\\lib\\connection.js:1165:11)\n    at NativeConnection.openUri (E:\\Intop2\\project-root\\node_modules\\mongoose\\lib\\connection.js:1096:11)","timestamp":"2025-05-22T19:48:00.488Z"}
{"cause":{"commonWireVersion":0,"compatible":true,"heartbeatFrequencyMS":10000,"localThresholdMS":15,"logicalSessionTimeoutMinutes":null,"maxElectionId":null,"maxSetVersion":null,"servers":{"ac-debgnwn-shard-00-00.1x3fywt.mongodb.net:27017":{"$clusterTime":null,"address":"ac-debgnwn-shard-00-00.1x3fywt.mongodb.net:27017","arbiters":[],"electionId":null,"error":{"beforeHandshake":false,"errorLabelSet":{}},"hosts":[],"iscryptd":false,"lastUpdateTime":192128516,"lastWriteDate":0,"logicalSessionTimeoutMinutes":null,"maxBsonObjectSize":null,"maxMessageSizeBytes":null,"maxWireVersion":0,"maxWriteBatchSize":null,"me":null,"minRoundTripTime":0,"minWireVersion":0,"passives":[],"primary":null,"roundTripTime":-1,"setName":null,"setVersion":null,"tags":{},"topologyVersion":null,"type":"Unknown"},"ac-debgnwn-shard-00-01.1x3fywt.mongodb.net:27017":{"$clusterTime":null,"address":"ac-debgnwn-shard-00-01.1x3fywt.mongodb.net:27017","arbiters":[],"electionId":null,"error":{"beforeHandshake":false,"errorLabelSet":{}},"hosts":[],"iscryptd":false,"lastUpdateTime":192128448,"lastWriteDate":0,"logicalSessionTimeoutMinutes":null,"maxBsonObjectSize":null,"maxMessageSizeBytes":null,"maxWireVersion":0,"maxWriteBatchSize":null,"me":null,"minRoundTripTime":0,"minWireVersion":0,"passives":[],"primary":null,"roundTripTime":-1,"setName":null,"setVersion":null,"tags":{},"topologyVersion":null,"type":"Unknown"},"ac-debgnwn-shard-00-02.1x3fywt.mongodb.net:27017":{"$clusterTime":null,"address":"ac-debgnwn-shard-00-02.1x3fywt.mongodb.net:27017","arbiters":[],"electionId":null,"error":{"beforeHandshake":false,"errorLabelSet":{}},"hosts":[],"iscryptd":false,"lastUpdateTime":192128361,"lastWriteDate":0,"logicalSessionTimeoutMinutes":null,"maxBsonObjectSize":null,"maxMessageSizeBytes":null,"maxWireVersion":0,"maxWriteBatchSize":null,"me":null,"minRoundTripTime":0,"minWireVersion":0,"passives":[],"primary":null,"roundTripTime":-1,"setName":null,"setVersion":null,"tags":{},"topologyVersion":null,"type":"Unknown"}},"setName":"atlas-9fxtal-shard-0","stale":false,"type":"ReplicaSetNoPrimary"},"errorLabelSet":{},"level":"error","message":"MongoDB connection error: Could not connect to any servers in your MongoDB Atlas cluster. One common reason is that you're trying to access the database from an IP that isn't whitelisted. Make sure your current IP address is on your Atlas cluster's IP whitelist: https://www.mongodb.com/docs/atlas/security-whitelist/","reason":{"commonWireVersion":0,"compatible":true,"heartbeatFrequencyMS":10000,"localThresholdMS":15,"logicalSessionTimeoutMinutes":null,"maxElectionId":null,"maxSetVersion":null,"servers":{"ac-debgnwn-shard-00-00.1x3fywt.mongodb.net:27017":{"$clusterTime":null,"address":"ac-debgnwn-shard-00-00.1x3fywt.mongodb.net:27017","arbiters":[],"electionId":null,"error":{"beforeHandshake":false,"errorLabelSet":{}},"hosts":[],"iscryptd":false,"lastUpdateTime":192128516,"lastWriteDate":0,"logicalSessionTimeoutMinutes":null,"maxBsonObjectSize":null,"maxMessageSizeBytes":null,"maxWireVersion":0,"maxWriteBatchSize":null,"me":null,"minRoundTripTime":0,"minWireVersion":0,"passives":[],"primary":null,"roundTripTime":-1,"setName":null,"setVersion":null,"tags":{},"topologyVersion":null,"type":"Unknown"},"ac-debgnwn-shard-00-01.1x3fywt.mongodb.net:27017":{"$clusterTime":null,"address":"ac-debgnwn-shard-00-01.1x3fywt.mongodb.net:27017","arbiters":[],"electionId":null,"error":{"beforeHandshake":false,"errorLabelSet":{}},"hosts":[],"iscryptd":false,"lastUpdateTime":192128448,"lastWriteDate":0,"logicalSessionTimeoutMinutes":null,"maxBsonObjectSize":null,"maxMessageSizeBytes":null,"maxWireVersion":0,"maxWriteBatchSize":null,"me":null,"minRoundTripTime":0,"minWireVersion":0,"passives":[],"primary":null,"roundTripTime":-1,"setName":null,"setVersion":null,"tags":{},"topologyVersion":null,"type":"Unknown"},"ac-debgnwn-shard-00-02.1x3fywt.mongodb.net:27017":{"$clusterTime":null,"address":"ac-debgnwn-shard-00-02.1x3fywt.mongodb.net:27017","arbiters":[],"electionId":null,"error":{"beforeHandshake":false,"errorLabelSet":{}},"hosts":[],"iscryptd":false,"lastUpdateTime":192128361,"lastWriteDate":0,"logicalSessionTimeoutMinutes":null,"maxBsonObjectSize":null,"maxMessageSizeBytes":null,"maxWireVersion":0,"maxWriteBatchSize":null,"me":null,"minRoundTripTime":0,"minWireVersion":0,"passives":[],"primary":null,"roundTripTime":-1,"setName":null,"setVersion":null,"tags":{},"topologyVersion":null,"type":"Unknown"}},"setName":"atlas-9fxtal-shard-0","stale":false,"type":"ReplicaSetNoPrimary"},"stack":"MongooseServerSelectionError: Could not connect to any servers in your MongoDB Atlas cluster. One common reason is that you're trying to access the database from an IP that isn't whitelisted. Make sure your current IP address is on your Atlas cluster's IP whitelist: https://www.mongodb.com/docs/atlas/security-whitelist/\n    at _handleConnectionErrors (E:\\Intop2\\project-root\\node_modules\\mongoose\\lib\\connection.js:1165:11)\n    at NativeConnection.openUri (E:\\Intop2\\project-root\\node_modules\\mongoose\\lib\\connection.js:1096:11)","timestamp":"2025-05-22T19:49:05.533Z"}
{"cause":{"commonWireVersion":0,"compatible":true,"heartbeatFrequencyMS":10000,"localThresholdMS":15,"logicalSessionTimeoutMinutes":null,"maxElectionId":null,"maxSetVersion":null,"servers":{"ac-debgnwn-shard-00-00.1x3fywt.mongodb.net:27017":{"$clusterTime":null,"address":"ac-debgnwn-shard-00-00.1x3fywt.mongodb.net:27017","arbiters":[],"electionId":null,"error":{"beforeHandshake":false,"errorLabelSet":{}},"hosts":[],"iscryptd":false,"lastUpdateTime":192213093,"lastWriteDate":0,"logicalSessionTimeoutMinutes":null,"maxBsonObjectSize":null,"maxMessageSizeBytes":null,"maxWireVersion":0,"maxWriteBatchSize":null,"me":null,"minRoundTripTime":0,"minWireVersion":0,"passives":[],"primary":null,"roundTripTime":-1,"setName":null,"setVersion":null,"tags":{},"topologyVersion":null,"type":"Unknown"},"ac-debgnwn-shard-00-01.1x3fywt.mongodb.net:27017":{"$clusterTime":null,"address":"ac-debgnwn-shard-00-01.1x3fywt.mongodb.net:27017","arbiters":[],"electionId":null,"error":{"beforeHandshake":false,"errorLabelSet":{}},"hosts":[],"iscryptd":false,"lastUpdateTime":192213093,"lastWriteDate":0,"logicalSessionTimeoutMinutes":null,"maxBsonObjectSize":null,"maxMessageSizeBytes":null,"maxWireVersion":0,"maxWriteBatchSize":null,"me":null,"minRoundTripTime":0,"minWireVersion":0,"passives":[],"primary":null,"roundTripTime":-1,"setName":null,"setVersion":null,"tags":{},"topologyVersion":null,"type":"Unknown"},"ac-debgnwn-shard-00-02.1x3fywt.mongodb.net:27017":{"$clusterTime":null,"address":"ac-debgnwn-shard-00-02.1x3fywt.mongodb.net:27017","arbiters":[],"electionId":null,"error":{"beforeHandshake":false,"errorLabelSet":{}},"hosts":[],"iscryptd":false,"lastUpdateTime":192213554,"lastWriteDate":0,"logicalSessionTimeoutMinutes":null,"maxBsonObjectSize":null,"maxMessageSizeBytes":null,"maxWireVersion":0,"maxWriteBatchSize":null,"me":null,"minRoundTripTime":0,"minWireVersion":0,"passives":[],"primary":null,"roundTripTime":-1,"setName":null,"setVersion":null,"tags":{},"topologyVersion":null,"type":"Unknown"}},"setName":"atlas-9fxtal-shard-0","stale":false,"type":"ReplicaSetNoPrimary"},"errorLabelSet":{},"level":"error","message":"MongoDB connection error: Could not connect to any servers in your MongoDB Atlas cluster. One common reason is that you're trying to access the database from an IP that isn't whitelisted. Make sure your current IP address is on your Atlas cluster's IP whitelist: https://www.mongodb.com/docs/atlas/security-whitelist/","reason":{"commonWireVersion":0,"compatible":true,"heartbeatFrequencyMS":10000,"localThresholdMS":15,"logicalSessionTimeoutMinutes":null,"maxElectionId":null,"maxSetVersion":null,"servers":{"ac-debgnwn-shard-00-00.1x3fywt.mongodb.net:27017":{"$clusterTime":null,"address":"ac-debgnwn-shard-00-00.1x3fywt.mongodb.net:27017","arbiters":[],"electionId":null,"error":{"beforeHandshake":false,"errorLabelSet":{}},"hosts":[],"iscryptd":false,"lastUpdateTime":192213093,"lastWriteDate":0,"logicalSessionTimeoutMinutes":null,"maxBsonObjectSize":null,"maxMessageSizeBytes":null,"maxWireVersion":0,"maxWriteBatchSize":null,"me":null,"minRoundTripTime":0,"minWireVersion":0,"passives":[],"primary":null,"roundTripTime":-1,"setName":null,"setVersion":null,"tags":{},"topologyVersion":null,"type":"Unknown"},"ac-debgnwn-shard-00-01.1x3fywt.mongodb.net:27017":{"$clusterTime":null,"address":"ac-debgnwn-shard-00-01.1x3fywt.mongodb.net:27017","arbiters":[],"electionId":null,"error":{"beforeHandshake":false,"errorLabelSet":{}},"hosts":[],"iscryptd":false,"lastUpdateTime":192213093,"lastWriteDate":0,"logicalSessionTimeoutMinutes":null,"maxBsonObjectSize":null,"maxMessageSizeBytes":null,"maxWireVersion":0,"maxWriteBatchSize":null,"me":null,"minRoundTripTime":0,"minWireVersion":0,"passives":[],"primary":null,"roundTripTime":-1,"setName":null,"setVersion":null,"tags":{},"topologyVersion":null,"type":"Unknown"},"ac-debgnwn-shard-00-02.1x3fywt.mongodb.net:27017":{"$clusterTime":null,"address":"ac-debgnwn-shard-00-02.1x3fywt.mongodb.net:27017","arbiters":[],"electionId":null,"error":{"beforeHandshake":false,"errorLabelSet":{}},"hosts":[],"iscryptd":false,"lastUpdateTime":192213554,"lastWriteDate":0,"logicalSessionTimeoutMinutes":null,"maxBsonObjectSize":null,"maxMessageSizeBytes":null,"maxWireVersion":0,"maxWriteBatchSize":null,"me":null,"minRoundTripTime":0,"minWireVersion":0,"passives":[],"primary":null,"roundTripTime":-1,"setName":null,"setVersion":null,"tags":{},"topologyVersion":null,"type":"Unknown"}},"setName":"atlas-9fxtal-shard-0","stale":false,"type":"ReplicaSetNoPrimary"},"stack":"MongooseServerSelectionError: Could not connect to any servers in your MongoDB Atlas cluster. One common reason is that you're trying to access the database from an IP that isn't whitelisted. Make sure your current IP address is on your Atlas cluster's IP whitelist: https://www.mongodb.com/docs/atlas/security-whitelist/\n    at _handleConnectionErrors (E:\\Intop2\\project-root\\node_modules\\mongoose\\lib\\connection.js:1165:11)\n    at NativeConnection.openUri (E:\\Intop2\\project-root\\node_modules\\mongoose\\lib\\connection.js:1096:11)","timestamp":"2025-05-22T19:50:30.388Z"}
{"level":"error","message":"Scraping error:","timestamp":"2025-05-28T17:55:56.581Z"}
{"level":"error","message":"Scraping error:","timestamp":"2025-05-28T18:21:13.898Z"}
{"level":"error","message":"Scraping error:","timestamp":"2025-05-28T18:21:18.694Z"}
{"level":"error","message":"Scraping error:","timestamp":"2025-05-28T20:33:10.460Z"}
{"level":"error","message":"Scraping error:","timestamp":"2025-05-28T20:33:47.942Z"}
{"level":"error","message":"Scraping error:","timestamp":"2025-05-28T20:36:01.736Z"}
{"level":"error","message":"Scraping error:","timestamp":"2025-05-28T20:36:32.082Z"}
{"level":"error","message":"Scraping error:","timestamp":"2025-05-28T20:50:53.243Z"}
{"level":"error","message":"Configuration not found for clientId:","timestamp":"2025-05-29T20:34:16.625Z"}
{"level":"error","message":"Configuration not found for clientId:","timestamp":"2025-05-29T20:34:16.636Z"}
{"level":"error","message":"Configuration not found for clientId:","timestamp":"2025-05-29T21:20:19.228Z"}
{"level":"error","message":"Error in /api/whatsapp/widget.js: Operation `widgets.findOne()` buffering timed out after 10000ms","stack":"MongooseError: Operation `widgets.findOne()` buffering timed out after 10000ms\n    at Timeout.<anonymous> (E:\\Intop2\\project-root\\node_modules\\mongoose\\lib\\drivers\\node-mongodb-native\\collection.js:187:23)\n    at listOnTimeout (node:internal/timers:581:17)\n    at process.processTimers (node:internal/timers:519:7)","timestamp":"2025-05-29T21:20:29.237Z"}
{"level":"error","message":"Configuration not found for clientId:","timestamp":"2025-05-29T21:23:25.153Z"}
